<?xml version="1.0" encoding="UTF-8"?>
<!-- Generated by org.testng.reporters.JUnitReportReporter -->
<testsuite skipped="0" hostname="LAPTOP-5MBJ75GD" name="test.inValidUserNotAbleToAddContact" tests="1" failures="0" timestamp="2020-03-14T20:32:38 CDT" time="14.886" errors="0">
  <testcase name="userShouldBeAbleToAddcontact" time="14.886" classname="test.inValidUserNotAbleToAddContact"/>
  <system-out/>
</testsuite> <!-- test.inValidUserNotAbleToAddContact -->
